set default PBradii mbondi3
source leaprc.protein.ff14SBonlysc
source leaprc.gaff
mol_0 = sequence { NMET GLN ILE PHE VAL LYS THR LEU THR GLY LYS THR ILE THR LEU GLU VAL GLU PRO SER ASP THR ILE GLU ASN VAL LYS ALA LYS ILE GLN ASP LYS GLU GLY ILE PRO PRO ASP GLN GLN ARG LEU ILE PHE ALA GLY LYS GLN LEU GLU ASP GLY ARG THR LEU SER ASP TYR ASN ILE GLN LYS GLU SER THR LEU HIE LEU VAL LEU ARG LEU ARG GLY CGLY }

translate mol_0 { 0.0 0.0 0.0 }
sys = combine { mol_0  }
check sys
saveAmberParm sys system.top system.mdcrd
quit
{1: 'MET', 2: 'GLN', 3: 'ILE', 4: 'PHE', 5: 'VAL', 6: 'LYS', 7: 'THR', 8: 'LEU', 9: 'THR', 10: 'GLY', 11: 'LYS', 12: 'THR', 13: 'ILE', 14: 'THR', 15: 'LEU', 16: 'GLU', 17: 'VAL', 18: 'GLU', 19: 'PRO', 20: 'SER', 21: 'ASP', 22: 'THR', 23: 'ILE', 24: 'GLU', 25: 'ASN', 26: 'VAL', 27: 'LYS', 28: 'ALA', 29: 'LYS', 30: 'ILE', 31: 'GLN', 32: 'ASP', 33: 'LYS', 34: 'GLU', 35: 'GLY', 36: 'ILE', 37: 'PRO', 38: 'PRO', 39: 'ASP', 40: 'GLN', 41: 'GLN', 42: 'ARG', 43: 'LEU', 44: 'ILE', 45: 'PHE', 46: 'ALA', 47: 'GLY', 48: 'LYS', 49: 'GLN', 50: 'LEU', 51: 'GLU', 52: 'ASP', 53: 'GLY', 54: 'ARG', 55: 'THR', 56: 'LEU', 57: 'SER', 58: 'ASP', 59: 'TYR', 60: 'ASN', 61: 'ILE', 62: 'GLN', 63: 'LYS', 64: 'GLU', 65: 'SER', 66: 'THR', 67: 'LEU', 68: 'HIE', 69: 'LEU', 70: 'VAL', 71: 'LEU', 72: 'ARG', 73: 'LEU', 74: 'ARG', 75: 'GLY', 76: 'GLY'}
['ALA', 'ILE', 'LEU', 'MET', 'PHE', 'PRO', 'TRP', 'VAL']
hydroph: 1 8
hydroph: 1 13
hydroph: 1 15
hydroph: 1 17
hydroph: 1 19
hydroph: 1 23
hydroph: 1 26
hydroph: 1 28
hydroph: 1 30
hydroph: 1 36
hydroph: 1 37
hydroph: 1 38
hydroph: 1 43
hydroph: 1 44
hydroph: 1 45
hydroph: 1 46
hydroph: 1 50
hydroph: 1 56
hydroph: 1 61
hydroph: 1 67
hydroph: 1 69
hydroph: 1 70
hydroph: 1 71
hydroph: 1 73
hydroph: 3 13
hydroph: 3 15
hydroph: 3 17
hydroph: 3 19
hydroph: 3 23
hydroph: 3 26
hydroph: 3 28
hydroph: 3 30
hydroph: 3 36
hydroph: 3 37
hydroph: 3 38
hydroph: 3 43
hydroph: 3 44
hydroph: 3 45
hydroph: 3 46
hydroph: 3 50
hydroph: 3 56
hydroph: 3 61
hydroph: 3 67
hydroph: 3 69
hydroph: 3 70
hydroph: 3 71
hydroph: 3 73
hydroph: 4 13
hydroph: 4 15
hydroph: 4 17
hydroph: 4 19
hydroph: 4 23
hydroph: 4 26
hydroph: 4 28
hydroph: 4 30
hydroph: 4 36
hydroph: 4 37
hydroph: 4 38
hydroph: 4 43
hydroph: 4 44
hydroph: 4 45
hydroph: 4 46
hydroph: 4 50
hydroph: 4 56
hydroph: 4 61
hydroph: 4 67
hydroph: 4 69
hydroph: 4 70
hydroph: 4 71
hydroph: 4 73
hydroph: 5 13
hydroph: 5 15
hydroph: 5 17
hydroph: 5 19
hydroph: 5 23
hydroph: 5 26
hydroph: 5 28
hydroph: 5 30
hydroph: 5 36
hydroph: 5 37
hydroph: 5 38
hydroph: 5 43
hydroph: 5 44
hydroph: 5 45
hydroph: 5 46
hydroph: 5 50
hydroph: 5 56
hydroph: 5 61
hydroph: 5 67
hydroph: 5 69
hydroph: 5 70
hydroph: 5 71
hydroph: 5 73
hydroph: 8 15
hydroph: 8 17
hydroph: 8 19
hydroph: 8 23
hydroph: 8 26
hydroph: 8 28
hydroph: 8 30
hydroph: 8 36
hydroph: 8 37
hydroph: 8 38
hydroph: 8 43
hydroph: 8 44
hydroph: 8 45
hydroph: 8 46
hydroph: 8 50
hydroph: 8 56
hydroph: 8 61
hydroph: 8 67
hydroph: 8 69
hydroph: 8 70
hydroph: 8 71
hydroph: 8 73
hydroph: 13 23
hydroph: 13 26
hydroph: 13 28
hydroph: 13 30
hydroph: 13 36
hydroph: 13 37
hydroph: 13 38
hydroph: 13 43
hydroph: 13 44
hydroph: 13 45
hydroph: 13 46
hydroph: 13 50
hydroph: 13 56
hydroph: 13 61
hydroph: 13 67
hydroph: 13 69
hydroph: 13 70
hydroph: 13 71
hydroph: 13 73
hydroph: 15 23
hydroph: 15 26
hydroph: 15 28
hydroph: 15 30
hydroph: 15 36
hydroph: 15 37
hydroph: 15 38
hydroph: 15 43
hydroph: 15 44
hydroph: 15 45
hydroph: 15 46
hydroph: 15 50
hydroph: 15 56
hydroph: 15 61
hydroph: 15 67
hydroph: 15 69
hydroph: 15 70
hydroph: 15 71
hydroph: 15 73
hydroph: 17 26
hydroph: 17 28
hydroph: 17 30
hydroph: 17 36
hydroph: 17 37
hydroph: 17 38
hydroph: 17 43
hydroph: 17 44
hydroph: 17 45
hydroph: 17 46
hydroph: 17 50
hydroph: 17 56
hydroph: 17 61
hydroph: 17 67
hydroph: 17 69
hydroph: 17 70
hydroph: 17 71
hydroph: 17 73
hydroph: 19 26
hydroph: 19 28
hydroph: 19 30
hydroph: 19 36
hydroph: 19 37
hydroph: 19 38
hydroph: 19 43
hydroph: 19 44
hydroph: 19 45
hydroph: 19 46
hydroph: 19 50
hydroph: 19 56
hydroph: 19 61
hydroph: 19 67
hydroph: 19 69
hydroph: 19 70
hydroph: 19 71
hydroph: 19 73
hydroph: 23 30
hydroph: 23 36
hydroph: 23 37
hydroph: 23 38
hydroph: 23 43
hydroph: 23 44
hydroph: 23 45
hydroph: 23 46
hydroph: 23 50
hydroph: 23 56
hydroph: 23 61
hydroph: 23 67
hydroph: 23 69
hydroph: 23 70
hydroph: 23 71
hydroph: 23 73
hydroph: 26 36
hydroph: 26 37
hydroph: 26 38
hydroph: 26 43
hydroph: 26 44
hydroph: 26 45
hydroph: 26 46
hydroph: 26 50
hydroph: 26 56
hydroph: 26 61
hydroph: 26 67
hydroph: 26 69
hydroph: 26 70
hydroph: 26 71
hydroph: 26 73
hydroph: 28 36
hydroph: 28 37
hydroph: 28 38
hydroph: 28 43
hydroph: 28 44
hydroph: 28 45
hydroph: 28 46
hydroph: 28 50
hydroph: 28 56
hydroph: 28 61
hydroph: 28 67
hydroph: 28 69
hydroph: 28 70
hydroph: 28 71
hydroph: 28 73
hydroph: 30 37
hydroph: 30 38
hydroph: 30 43
hydroph: 30 44
hydroph: 30 45
hydroph: 30 46
hydroph: 30 50
hydroph: 30 56
hydroph: 30 61
hydroph: 30 67
hydroph: 30 69
hydroph: 30 70
hydroph: 30 71
hydroph: 30 73
hydroph: 36 43
hydroph: 36 44
hydroph: 36 45
hydroph: 36 46
hydroph: 36 50
hydroph: 36 56
hydroph: 36 61
hydroph: 36 67
hydroph: 36 69
hydroph: 36 70
hydroph: 36 71
hydroph: 36 73
hydroph: 37 44
hydroph: 37 45
hydroph: 37 46
hydroph: 37 50
hydroph: 37 56
hydroph: 37 61
hydroph: 37 67
hydroph: 37 69
hydroph: 37 70
hydroph: 37 71
hydroph: 37 73
hydroph: 38 45
hydroph: 38 46
hydroph: 38 50
hydroph: 38 56
hydroph: 38 61
hydroph: 38 67
hydroph: 38 69
hydroph: 38 70
hydroph: 38 71
hydroph: 38 73
hydroph: 43 50
hydroph: 43 56
hydroph: 43 61
hydroph: 43 67
hydroph: 43 69
hydroph: 43 70
hydroph: 43 71
hydroph: 43 73
hydroph: 44 56
hydroph: 44 61
hydroph: 44 67
hydroph: 44 69
hydroph: 44 70
hydroph: 44 71
hydroph: 44 73
hydroph: 45 56
hydroph: 45 61
hydroph: 45 67
hydroph: 45 69
hydroph: 45 70
hydroph: 45 71
hydroph: 45 73
hydroph: 46 56
hydroph: 46 61
hydroph: 46 67
hydroph: 46 69
hydroph: 46 70
hydroph: 46 71
hydroph: 46 73
hydroph: 50 61
hydroph: 50 67
hydroph: 50 69
hydroph: 50 70
hydroph: 50 71
hydroph: 50 73
hydroph: 56 67
hydroph: 56 69
hydroph: 56 70
hydroph: 56 71
hydroph: 56 73
hydroph: 61 69
hydroph: 61 70
hydroph: 61 71
hydroph: 61 73
Hydrophobic:
33 28 326
Hydrogen bond:
7 76 411
strand_pairs: 468 10
Not using Evolutionary restraints
Not using Knob-Socket predictions
atom_name_list: ['N', 'H1', 'H2', 'H3', 'CA', 'HA', 'CB', 'HB2', 'HB3', 'CG', 'HG2', 'HG3', 'SD', 'CE', 'HE1', 'HE2', 'HE3', 'C', 'O', 'N', 'H', 'CA', 'HA', 'CB', 'HB2', 'HB3', 'CG', 'HG2', 'HG3', 'CD', 'OE1', 'NE2', 'HE21', 'HE22', 'C', 'O', 'N', 'H', 'CA', 'HA', 'CB', 'HB', 'CG2', 'HG21', 'HG22', 'HG23', 'CG1', 'HG12', 'HG13', 'CD1', 'HD11', 'HD12', 'HD13', 'C', 'O', 'N', 'H', 'CA', 'HA', 'CB', 'HB2', 'HB3', 'CG', 'CD1', 'HD1', 'CE1', 'HE1', 'CZ', 'HZ', 'CE2', 'HE2', 'CD2', 'HD2', 'C', 'O', 'N', 'H', 'CA', 'HA', 'CB', 'HB', 'CG1', 'HG11', 'HG12', 'HG13', 'CG2', 'HG21', 'HG22', 'HG23', 'C', 'O', 'N', 'H', 'CA', 'HA', 'CB', 'HB2', 'HB3', 'CG', 'HG2', 'HG3', 'CD', 'HD2', 'HD3', 'CE', 'HE2', 'HE3', 'NZ', 'HZ1', 'HZ2', 'HZ3', 'C', 'O', 'N', 'H', 'CA', 'HA', 'CB', 'HB', 'CG2', 'HG21', 'HG22', 'HG23', 'OG1', 'HG1', 'C', 'O', 'N', 'H', 'CA', 'HA', 'CB', 'HB2', 'HB3', 'CG', 'HG', 'CD1', 'HD11', 'HD12', 'HD13', 'CD2', 'HD21', 'HD22', 'HD23', 'C', 'O', 'N', 'H', 'CA', 'HA', 'CB', 'HB', 'CG2', 'HG21', 'HG22', 'HG23', 'OG1', 'HG1', 'C', 'O', 'N', 'H', 'CA', 'HA2', 'HA3', 'C', 'O', 'N', 'H', 'CA', 'HA', 'CB', 'HB2', 'HB3', 'CG', 'HG2', 'HG3', 'CD', 'HD2', 'HD3', 'CE', 'HE2', 'HE3', 'NZ', 'HZ1', 'HZ2', 'HZ3', 'C', 'O', 'N', 'H', 'CA', 'HA', 'CB', 'HB', 'CG2', 'HG21', 'HG22', 'HG23', 'OG1', 'HG1', 'C', 'O', 'N', 'H', 'CA', 'HA', 'CB', 'HB', 'CG2', 'HG21', 'HG22', 'HG23', 'CG1', 'HG12', 'HG13', 'CD1', 'HD11', 'HD12', 'HD13', 'C', 'O', 'N', 'H', 'CA', 'HA', 'CB', 'HB', 'CG2', 'HG21', 'HG22', 'HG23', 'OG1', 'HG1', 'C', 'O', 'N', 'H', 'CA', 'HA', 'CB', 'HB2', 'HB3', 'CG', 'HG', 'CD1', 'HD11', 'HD12', 'HD13', 'CD2', 'HD21', 'HD22', 'HD23', 'C', 'O', 'N', 'H', 'CA', 'HA', 'CB', 'HB2', 'HB3', 'CG', 'HG2', 'HG3', 'CD', 'OE1', 'OE2', 'C', 'O', 'N', 'H', 'CA', 'HA', 'CB', 'HB', 'CG1', 'HG11', 'HG12', 'HG13', 'CG2', 'HG21', 'HG22', 'HG23', 'C', 'O', 'N', 'H', 'CA', 'HA', 'CB', 'HB2', 'HB3', 'CG', 'HG2', 'HG3', 'CD', 'OE1', 'OE2', 'C', 'O', 'N', 'CD', 'HD2', 'HD3', 'CG', 'HG2', 'HG3', 'CB', 'HB2', 'HB3', 'CA', 'HA', 'C', 'O', 'N', 'H', 'CA', 'HA', 'CB', 'HB2', 'HB3', 'OG', 'HG', 'C', 'O', 'N', 'H', 'CA', 'HA', 'CB', 'HB2', 'HB3', 'CG', 'OD1', 'OD2', 'C', 'O', 'N', 'H', 'CA', 'HA', 'CB', 'HB', 'CG2', 'HG21', 'HG22', 'HG23', 'OG1', 'HG1', 'C', 'O', 'N', 'H', 'CA', 'HA', 'CB', 'HB', 'CG2', 'HG21', 'HG22', 'HG23', 'CG1', 'HG12', 'HG13', 'CD1', 'HD11', 'HD12', 'HD13', 'C', 'O', 'N', 'H', 'CA', 'HA', 'CB', 'HB2', 'HB3', 'CG', 'HG2', 'HG3', 'CD', 'OE1', 'OE2', 'C', 'O', 'N', 'H', 'CA', 'HA', 'CB', 'HB2', 'HB3', 'CG', 'OD1', 'ND2', 'HD21', 'HD22', 'C', 'O', 'N', 'H', 'CA', 'HA', 'CB', 'HB', 'CG1', 'HG11', 'HG12', 'HG13', 'CG2', 'HG21', 'HG22', 'HG23', 'C', 'O', 'N', 'H', 'CA', 'HA', 'CB', 'HB2', 'HB3', 'CG', 'HG2', 'HG3', 'CD', 'HD2', 'HD3', 'CE', 'HE2', 'HE3', 'NZ', 'HZ1', 'HZ2', 'HZ3', 'C', 'O', 'N', 'H', 'CA', 'HA', 'CB', 'HB1', 'HB2', 'HB3', 'C', 'O', 'N', 'H', 'CA', 'HA', 'CB', 'HB2', 'HB3', 'CG', 'HG2', 'HG3', 'CD', 'HD2', 'HD3', 'CE', 'HE2', 'HE3', 'NZ', 'HZ1', 'HZ2', 'HZ3', 'C', 'O', 'N', 'H', 'CA', 'HA', 'CB', 'HB', 'CG2', 'HG21', 'HG22', 'HG23', 'CG1', 'HG12', 'HG13', 'CD1', 'HD11', 'HD12', 'HD13', 'C', 'O', 'N', 'H', 'CA', 'HA', 'CB', 'HB2', 'HB3', 'CG', 'HG2', 'HG3', 'CD', 'OE1', 'NE2', 'HE21', 'HE22', 'C', 'O', 'N', 'H', 'CA', 'HA', 'CB', 'HB2', 'HB3', 'CG', 'OD1', 'OD2', 'C', 'O', 'N', 'H', 'CA', 'HA', 'CB', 'HB2', 'HB3', 'CG', 'HG2', 'HG3', 'CD', 'HD2', 'HD3', 'CE', 'HE2', 'HE3', 'NZ', 'HZ1', 'HZ2', 'HZ3', 'C', 'O', 'N', 'H', 'CA', 'HA', 'CB', 'HB2', 'HB3', 'CG', 'HG2', 'HG3', 'CD', 'OE1', 'OE2', 'C', 'O', 'N', 'H', 'CA', 'HA2', 'HA3', 'C', 'O', 'N', 'H', 'CA', 'HA', 'CB', 'HB', 'CG2', 'HG21', 'HG22', 'HG23', 'CG1', 'HG12', 'HG13', 'CD1', 'HD11', 'HD12', 'HD13', 'C', 'O', 'N', 'CD', 'HD2', 'HD3', 'CG', 'HG2', 'HG3', 'CB', 'HB2', 'HB3', 'CA', 'HA', 'C', 'O', 'N', 'CD', 'HD2', 'HD3', 'CG', 'HG2', 'HG3', 'CB', 'HB2', 'HB3', 'CA', 'HA', 'C', 'O', 'N', 'H', 'CA', 'HA', 'CB', 'HB2', 'HB3', 'CG', 'OD1', 'OD2', 'C', 'O', 'N', 'H', 'CA', 'HA', 'CB', 'HB2', 'HB3', 'CG', 'HG2', 'HG3', 'CD', 'OE1', 'NE2', 'HE21', 'HE22', 'C', 'O', 'N', 'H', 'CA', 'HA', 'CB', 'HB2', 'HB3', 'CG', 'HG2', 'HG3', 'CD', 'OE1', 'NE2', 'HE21', 'HE22', 'C', 'O', 'N', 'H', 'CA', 'HA', 'CB', 'HB2', 'HB3', 'CG', 'HG2', 'HG3', 'CD', 'HD2', 'HD3', 'NE', 'HE', 'CZ', 'NH1', 'HH11', 'HH12', 'NH2', 'HH21', 'HH22', 'C', 'O', 'N', 'H', 'CA', 'HA', 'CB', 'HB2', 'HB3', 'CG', 'HG', 'CD1', 'HD11', 'HD12', 'HD13', 'CD2', 'HD21', 'HD22', 'HD23', 'C', 'O', 'N', 'H', 'CA', 'HA', 'CB', 'HB', 'CG2', 'HG21', 'HG22', 'HG23', 'CG1', 'HG12', 'HG13', 'CD1', 'HD11', 'HD12', 'HD13', 'C', 'O', 'N', 'H', 'CA', 'HA', 'CB', 'HB2', 'HB3', 'CG', 'CD1', 'HD1', 'CE1', 'HE1', 'CZ', 'HZ', 'CE2', 'HE2', 'CD2', 'HD2', 'C', 'O', 'N', 'H', 'CA', 'HA', 'CB', 'HB1', 'HB2', 'HB3', 'C', 'O', 'N', 'H', 'CA', 'HA2', 'HA3', 'C', 'O', 'N', 'H', 'CA', 'HA', 'CB', 'HB2', 'HB3', 'CG', 'HG2', 'HG3', 'CD', 'HD2', 'HD3', 'CE', 'HE2', 'HE3', 'NZ', 'HZ1', 'HZ2', 'HZ3', 'C', 'O', 'N', 'H', 'CA', 'HA', 'CB', 'HB2', 'HB3', 'CG', 'HG2', 'HG3', 'CD', 'OE1', 'NE2', 'HE21', 'HE22', 'C', 'O', 'N', 'H', 'CA', 'HA', 'CB', 'HB2', 'HB3', 'CG', 'HG', 'CD1', 'HD11', 'HD12', 'HD13', 'CD2', 'HD21', 'HD22', 'HD23', 'C', 'O', 'N', 'H', 'CA', 'HA', 'CB', 'HB2', 'HB3', 'CG', 'HG2', 'HG3', 'CD', 'OE1', 'OE2', 'C', 'O', 'N', 'H', 'CA', 'HA', 'CB', 'HB2', 'HB3', 'CG', 'OD1', 'OD2', 'C', 'O', 'N', 'H', 'CA', 'HA2', 'HA3', 'C', 'O', 'N', 'H', 'CA', 'HA', 'CB', 'HB2', 'HB3', 'CG', 'HG2', 'HG3', 'CD', 'HD2', 'HD3', 'NE', 'HE', 'CZ', 'NH1', 'HH11', 'HH12', 'NH2', 'HH21', 'HH22', 'C', 'O', 'N', 'H', 'CA', 'HA', 'CB', 'HB', 'CG2', 'HG21', 'HG22', 'HG23', 'OG1', 'HG1', 'C', 'O', 'N', 'H', 'CA', 'HA', 'CB', 'HB2', 'HB3', 'CG', 'HG', 'CD1', 'HD11', 'HD12', 'HD13', 'CD2', 'HD21', 'HD22', 'HD23', 'C', 'O', 'N', 'H', 'CA', 'HA', 'CB', 'HB2', 'HB3', 'OG', 'HG', 'C', 'O', 'N', 'H', 'CA', 'HA', 'CB', 'HB2', 'HB3', 'CG', 'OD1', 'OD2', 'C', 'O', 'N', 'H', 'CA', 'HA', 'CB', 'HB2', 'HB3', 'CG', 'CD1', 'HD1', 'CE1', 'HE1', 'CZ', 'OH', 'HH', 'CE2', 'HE2', 'CD2', 'HD2', 'C', 'O', 'N', 'H', 'CA', 'HA', 'CB', 'HB2', 'HB3', 'CG', 'OD1', 'ND2', 'HD21', 'HD22', 'C', 'O', 'N', 'H', 'CA', 'HA', 'CB', 'HB', 'CG2', 'HG21', 'HG22', 'HG23', 'CG1', 'HG12', 'HG13', 'CD1', 'HD11', 'HD12', 'HD13', 'C', 'O', 'N', 'H', 'CA', 'HA', 'CB', 'HB2', 'HB3', 'CG', 'HG2', 'HG3', 'CD', 'OE1', 'NE2', 'HE21', 'HE22', 'C', 'O', 'N', 'H', 'CA', 'HA', 'CB', 'HB2', 'HB3', 'CG', 'HG2', 'HG3', 'CD', 'HD2', 'HD3', 'CE', 'HE2', 'HE3', 'NZ', 'HZ1', 'HZ2', 'HZ3', 'C', 'O', 'N', 'H', 'CA', 'HA', 'CB', 'HB2', 'HB3', 'CG', 'HG2', 'HG3', 'CD', 'OE1', 'OE2', 'C', 'O', 'N', 'H', 'CA', 'HA', 'CB', 'HB2', 'HB3', 'OG', 'HG', 'C', 'O', 'N', 'H', 'CA', 'HA', 'CB', 'HB', 'CG2', 'HG21', 'HG22', 'HG23', 'OG1', 'HG1', 'C', 'O', 'N', 'H', 'CA', 'HA', 'CB', 'HB2', 'HB3', 'CG', 'HG', 'CD1', 'HD11', 'HD12', 'HD13', 'CD2', 'HD21', 'HD22', 'HD23', 'C', 'O', 'N', 'H', 'CA', 'HA', 'CB', 'HB2', 'HB3', 'CG', 'ND1', 'CE1', 'HE1', 'NE2', 'HE2', 'CD2', 'HD2', 'C', 'O', 'N', 'H', 'CA', 'HA', 'CB', 'HB2', 'HB3', 'CG', 'HG', 'CD1', 'HD11', 'HD12', 'HD13', 'CD2', 'HD21', 'HD22', 'HD23', 'C', 'O', 'N', 'H', 'CA', 'HA', 'CB', 'HB', 'CG1', 'HG11', 'HG12', 'HG13', 'CG2', 'HG21', 'HG22', 'HG23', 'C', 'O', 'N', 'H', 'CA', 'HA', 'CB', 'HB2', 'HB3', 'CG', 'HG', 'CD1', 'HD11', 'HD12', 'HD13', 'CD2', 'HD21', 'HD22', 'HD23', 'C', 'O', 'N', 'H', 'CA', 'HA', 'CB', 'HB2', 'HB3', 'CG', 'HG2', 'HG3', 'CD', 'HD2', 'HD3', 'NE', 'HE', 'CZ', 'NH1', 'HH11', 'HH12', 'NH2', 'HH21', 'HH22', 'C', 'O', 'N', 'H', 'CA', 'HA', 'CB', 'HB2', 'HB3', 'CG', 'HG', 'CD1', 'HD11', 'HD12', 'HD13', 'CD2', 'HD21', 'HD22', 'HD23', 'C', 'O', 'N', 'H', 'CA', 'HA', 'CB', 'HB2', 'HB3', 'CG', 'HG2', 'HG3', 'CD', 'HD2', 'HD3', 'NE', 'HE', 'CZ', 'NH1', 'HH11', 'HH12', 'NH2', 'HH21', 'HH22', 'C', 'O', 'N', 'H', 'CA', 'HA2', 'HA3', 'C', 'O', 'N', 'H', 'CA', 'HA2', 'HA3', 'C', 'O', 'OXT']
alpha_carbon_indeces: [4, 21, 38, 57, 77, 93, 115, 129, 148, 162, 169, 191, 205, 224, 238, 257, 272, 288, 311, 317, 328, 340, 354, 373, 388, 402, 418, 440, 450, 472, 491, 508, 520, 542, 557, 564, 591, 605, 611, 623, 640, 657, 681, 700, 719, 739, 749, 756, 778, 795, 814, 829, 841, 848, 872, 886, 905, 916, 928, 949, 963, 982, 999, 1021, 1036, 1047, 1061, 1080, 1097, 1116, 1132, 1151, 1175, 1194, 1218, 1225]
